05/24/2018 12:10:49 pm Starting new HTTP connection (1): books.toscrape.com
05/24/2018 12:10:49 pm http://books.toscrape.com:80 "GET /index.html HTTP/1.1" 200 None
05/24/2018 12:11:04 pm Starting new HTTP connection (1): books.toscrape.com
05/24/2018 12:11:05 pm http://books.toscrape.com:80 "GET /index.html HTTP/1.1" 200 None
05/24/2018 12:11:15 pm Starting new HTTP connection (1): books.toscrape.com
05/24/2018 12:11:15 pm http://books.toscrape.com:80 "GET /index.html HTTP/1.1" 200 None
05/24/2018 12:11:35 pm Starting new HTTP connection (1): books.toscrape.com
05/24/2018 12:11:35 pm http://books.toscrape.com:80 "GET /index.html HTTP/1.1" 200 None
05/24/2018 12:11:35 pm Invalid URL 'catalogue/category/books/travel_2/index.html': No schema supplied. Perhaps you meant http://catalogue/category/books/travel_2/index.html?
05/24/2018 12:13:50 pm Starting new HTTP connection (1): books.toscrape.com
05/24/2018 12:13:51 pm http://books.toscrape.com:80 "GET /index.html HTTP/1.1" 200 None
05/24/2018 12:15:56 pm Starting new HTTP connection (1): books.toscrape.com
05/24/2018 12:15:57 pm http://books.toscrape.com:80 "GET /index.html HTTP/1.1" 200 None
05/24/2018 12:20:09 pm Starting new HTTP connection (1): books.toscrape.com
05/24/2018 12:20:09 pm http://books.toscrape.com:80 "GET /index.html HTTP/1.1" 200 None
05/24/2018 12:50:09 pm Starting new HTTP connection (1): books.toscrape.com
05/24/2018 12:50:10 pm http://books.toscrape.com:80 "GET /index.html HTTP/1.1" 200 None
05/24/2018 12:54:09 pm Starting new HTTP connection (1): books.toscrape.com
05/24/2018 12:54:09 pm http://books.toscrape.com:80 "GET /index.html HTTP/1.1" 200 None
05/24/2018 01:06:12 pm Starting new HTTP connection (1): books.toscrape.com
05/24/2018 01:06:13 pm http://books.toscrape.com:80 "GET /catatogue/category/books/mystery_3/index.html HTTP/1.1" 404 None
05/24/2018 01:06:13 pm Can not get content from Url: http://books.toscrape.com/catatogue/category/books/mystery_3/index.html
05/24/2018 01:12:04 pm Starting new HTTP connection (1): books.toscrape.com
05/24/2018 01:12:05 pm http://books.toscrape.com:80 "GET /catalogue/category/books/mystery_3/index.html HTTP/1.1" 200 None
05/24/2018 01:12:05 pm Starting new HTTP connection (1): books.toscrape.com
05/24/2018 01:12:05 pm http://books.toscrape.com:80 "GET /catalogue/category/books/mystery_3/page-2.html HTTP/1.1" 200 None
05/24/2018 01:28:22 pm Starting new HTTP connection (1): books.toscrape.com
05/24/2018 01:28:24 pm http://books.toscrape.com:80 "GET /index.html HTTP/1.1" 200 None
05/24/2018 03:26:51 pm Starting new HTTP connection (1): books.toscrape.com
05/24/2018 03:26:53 pm http://books.toscrape.com:80 "GET /index.html HTTP/1.1" 200 None
05/24/2018 03:29:04 pm Starting new HTTP connection (1): books.toscrape.com
05/24/2018 03:29:05 pm http://books.toscrape.com:80 "GET /index.html HTTP/1.1" 200 None
05/24/2018 03:29:43 pm Starting new HTTP connection (1): books.toscrape.com
05/24/2018 03:29:44 pm http://books.toscrape.com:80 "GET /index.html HTTP/1.1" 200 None
05/24/2018 03:29:44 pm Starting new HTTP connection (1): books.toscrape.com
05/24/2018 03:29:44 pm http://books.toscrape.com:80 "GET /catalogue/category/books/travel_2/index.html HTTP/1.1" 200 None
05/24/2018 03:30:44 pm Starting new HTTP connection (1): books.toscrape.com
05/24/2018 03:30:44 pm http://books.toscrape.com:80 "GET /index.html HTTP/1.1" 200 None
05/24/2018 03:30:45 pm Starting new HTTP connection (1): books.toscrape.com
05/24/2018 03:30:45 pm http://books.toscrape.com:80 "GET /catalogue/category/books/travel_2/index.html HTTP/1.1" 200 None
05/24/2018 03:30:45 pm Starting new HTTP connection (1): books.toscrape.com
05/24/2018 03:30:46 pm http://books.toscrape.com:80 "GET /catalogue/category/books/mystery_3/index.html HTTP/1.1" 200 None
05/24/2018 03:30:47 pm Starting new HTTP connection (1): books.toscrape.com
05/24/2018 03:30:47 pm http://books.toscrape.com:80 "GET /catalogue/category/books/mystery_3/page-2.html HTTP/1.1" 200 None
05/24/2018 03:30:47 pm Starting new HTTP connection (1): books.toscrape.com
05/24/2018 03:30:47 pm http://books.toscrape.com:80 "GET /catalogue/category/books/historical-fiction_4/index.html HTTP/1.1" 200 None
05/24/2018 03:30:47 pm Starting new HTTP connection (1): books.toscrape.com
05/24/2018 03:30:48 pm http://books.toscrape.com:80 "GET /catalogue/category/books/historical-fiction_4/page-2.html HTTP/1.1" 200 None
05/24/2018 03:30:48 pm Starting new HTTP connection (1): books.toscrape.com
05/24/2018 03:30:48 pm http://books.toscrape.com:80 "GET /catalogue/category/books/sequential-art_5/index.html HTTP/1.1" 200 None
05/24/2018 03:30:48 pm Starting new HTTP connection (1): books.toscrape.com
05/24/2018 03:30:49 pm http://books.toscrape.com:80 "GET /catalogue/category/books/sequential-art_5/page-2.html HTTP/1.1" 200 None
05/24/2018 03:30:49 pm Starting new HTTP connection (1): books.toscrape.com
05/24/2018 03:30:49 pm http://books.toscrape.com:80 "GET /catalogue/category/books/sequential-art_5/page-3.html HTTP/1.1" 200 None
05/24/2018 03:30:49 pm Starting new HTTP connection (1): books.toscrape.com
05/24/2018 03:30:50 pm http://books.toscrape.com:80 "GET /catalogue/category/books/sequential-art_5/page-4.html HTTP/1.1" 200 None
05/24/2018 03:30:50 pm Starting new HTTP connection (1): books.toscrape.com
05/24/2018 03:30:50 pm http://books.toscrape.com:80 "GET /catalogue/category/books/classics_6/index.html HTTP/1.1" 200 None
05/24/2018 03:30:50 pm Starting new HTTP connection (1): books.toscrape.com
05/24/2018 03:30:50 pm http://books.toscrape.com:80 "GET /catalogue/category/books/philosophy_7/index.html HTTP/1.1" 200 None
05/24/2018 03:30:50 pm Starting new HTTP connection (1): books.toscrape.com
05/24/2018 03:30:51 pm http://books.toscrape.com:80 "GET /catalogue/category/books/romance_8/index.html HTTP/1.1" 200 None
05/24/2018 03:30:51 pm Starting new HTTP connection (1): books.toscrape.com
05/24/2018 03:30:51 pm http://books.toscrape.com:80 "GET /catalogue/category/books/romance_8/page-2.html HTTP/1.1" 200 None
05/24/2018 03:30:51 pm Starting new HTTP connection (1): books.toscrape.com
05/24/2018 03:30:52 pm http://books.toscrape.com:80 "GET /catalogue/category/books/womens-fiction_9/index.html HTTP/1.1" 200 None
05/24/2018 03:30:52 pm Starting new HTTP connection (1): books.toscrape.com
05/24/2018 03:30:52 pm http://books.toscrape.com:80 "GET /catalogue/category/books/fiction_10/index.html HTTP/1.1" 200 None
05/24/2018 03:30:52 pm Starting new HTTP connection (1): books.toscrape.com
05/24/2018 03:30:52 pm http://books.toscrape.com:80 "GET /catalogue/category/books/fiction_10/page-2.html HTTP/1.1" 200 None
05/24/2018 03:30:53 pm Starting new HTTP connection (1): books.toscrape.com
05/24/2018 03:30:53 pm http://books.toscrape.com:80 "GET /catalogue/category/books/fiction_10/page-3.html HTTP/1.1" 200 None
05/24/2018 03:30:53 pm Starting new HTTP connection (1): books.toscrape.com
05/24/2018 03:30:53 pm http://books.toscrape.com:80 "GET /catalogue/category/books/fiction_10/page-4.html HTTP/1.1" 200 None
05/24/2018 03:30:53 pm Starting new HTTP connection (1): books.toscrape.com
05/24/2018 03:30:54 pm http://books.toscrape.com:80 "GET /catalogue/category/books/childrens_11/index.html HTTP/1.1" 200 None
05/24/2018 03:30:54 pm Starting new HTTP connection (1): books.toscrape.com
05/24/2018 03:30:54 pm http://books.toscrape.com:80 "GET /catalogue/category/books/childrens_11/page-2.html HTTP/1.1" 200 None
05/24/2018 03:30:54 pm Starting new HTTP connection (1): books.toscrape.com
05/24/2018 03:30:55 pm http://books.toscrape.com:80 "GET /catalogue/category/books/religion_12/index.html HTTP/1.1" 200 None
05/24/2018 03:30:55 pm Starting new HTTP connection (1): books.toscrape.com
05/24/2018 03:30:55 pm http://books.toscrape.com:80 "GET /catalogue/category/books/nonfiction_13/index.html HTTP/1.1" 200 None
05/24/2018 03:30:55 pm Starting new HTTP connection (1): books.toscrape.com
05/24/2018 03:30:55 pm http://books.toscrape.com:80 "GET /catalogue/category/books/nonfiction_13/page-2.html HTTP/1.1" 200 None
05/24/2018 03:30:55 pm Starting new HTTP connection (1): books.toscrape.com
05/24/2018 03:30:56 pm http://books.toscrape.com:80 "GET /catalogue/category/books/nonfiction_13/page-3.html HTTP/1.1" 200 None
05/24/2018 03:30:56 pm Starting new HTTP connection (1): books.toscrape.com
05/24/2018 03:30:56 pm http://books.toscrape.com:80 "GET /catalogue/category/books/nonfiction_13/page-4.html HTTP/1.1" 200 None
05/24/2018 03:30:56 pm Starting new HTTP connection (1): books.toscrape.com
05/24/2018 03:30:57 pm http://books.toscrape.com:80 "GET /catalogue/category/books/nonfiction_13/page-5.html HTTP/1.1" 200 None
05/24/2018 03:30:57 pm Starting new HTTP connection (1): books.toscrape.com
05/24/2018 03:30:57 pm http://books.toscrape.com:80 "GET /catalogue/category/books/nonfiction_13/page-6.html HTTP/1.1" 200 None
05/24/2018 03:30:57 pm Starting new HTTP connection (1): books.toscrape.com
05/24/2018 03:30:58 pm http://books.toscrape.com:80 "GET /catalogue/category/books/music_14/index.html HTTP/1.1" 200 None
05/24/2018 03:30:58 pm Starting new HTTP connection (1): books.toscrape.com
05/24/2018 03:30:58 pm http://books.toscrape.com:80 "GET /catalogue/category/books/default_15/index.html HTTP/1.1" 200 None
05/24/2018 03:30:58 pm Starting new HTTP connection (1): books.toscrape.com
05/24/2018 03:30:58 pm http://books.toscrape.com:80 "GET /catalogue/category/books/default_15/page-2.html HTTP/1.1" 200 None
05/24/2018 03:30:58 pm Starting new HTTP connection (1): books.toscrape.com
05/24/2018 03:30:59 pm http://books.toscrape.com:80 "GET /catalogue/category/books/default_15/page-3.html HTTP/1.1" 200 None
05/24/2018 03:30:59 pm Starting new HTTP connection (1): books.toscrape.com
05/24/2018 03:30:59 pm http://books.toscrape.com:80 "GET /catalogue/category/books/default_15/page-4.html HTTP/1.1" 200 None
05/24/2018 03:30:59 pm Starting new HTTP connection (1): books.toscrape.com
05/24/2018 03:31:00 pm http://books.toscrape.com:80 "GET /catalogue/category/books/default_15/page-5.html HTTP/1.1" 200 None
05/24/2018 03:31:00 pm Starting new HTTP connection (1): books.toscrape.com
05/24/2018 03:31:00 pm http://books.toscrape.com:80 "GET /catalogue/category/books/default_15/page-6.html HTTP/1.1" 200 None
05/24/2018 03:31:00 pm Starting new HTTP connection (1): books.toscrape.com
05/24/2018 03:31:01 pm http://books.toscrape.com:80 "GET /catalogue/category/books/default_15/page-7.html HTTP/1.1" 200 None
05/24/2018 03:31:01 pm Starting new HTTP connection (1): books.toscrape.com
05/24/2018 03:31:01 pm http://books.toscrape.com:80 "GET /catalogue/category/books/default_15/page-8.html HTTP/1.1" 200 None
05/24/2018 03:31:01 pm Starting new HTTP connection (1): books.toscrape.com
05/24/2018 03:31:01 pm http://books.toscrape.com:80 "GET /catalogue/category/books/science-fiction_16/index.html HTTP/1.1" 200 None
05/24/2018 03:31:01 pm Starting new HTTP connection (1): books.toscrape.com
05/24/2018 03:31:02 pm http://books.toscrape.com:80 "GET /catalogue/category/books/sports-and-games_17/index.html HTTP/1.1" 200 None
05/24/2018 03:31:02 pm Starting new HTTP connection (1): books.toscrape.com
05/24/2018 03:31:02 pm http://books.toscrape.com:80 "GET /catalogue/category/books/add-a-comment_18/index.html HTTP/1.1" 200 None
05/24/2018 03:31:02 pm Starting new HTTP connection (1): books.toscrape.com
05/24/2018 03:31:03 pm http://books.toscrape.com:80 "GET /catalogue/category/books/add-a-comment_18/page-2.html HTTP/1.1" 200 None
05/24/2018 03:31:03 pm Starting new HTTP connection (1): books.toscrape.com
05/24/2018 03:31:03 pm http://books.toscrape.com:80 "GET /catalogue/category/books/add-a-comment_18/page-3.html HTTP/1.1" 200 None
05/24/2018 03:31:03 pm Starting new HTTP connection (1): books.toscrape.com
05/24/2018 03:31:03 pm http://books.toscrape.com:80 "GET /catalogue/category/books/add-a-comment_18/page-4.html HTTP/1.1" 200 None
05/24/2018 03:31:04 pm Starting new HTTP connection (1): books.toscrape.com
05/24/2018 03:31:04 pm http://books.toscrape.com:80 "GET /catalogue/category/books/fantasy_19/index.html HTTP/1.1" 200 None
05/24/2018 03:31:04 pm Starting new HTTP connection (1): books.toscrape.com
05/24/2018 03:31:04 pm http://books.toscrape.com:80 "GET /catalogue/category/books/fantasy_19/page-2.html HTTP/1.1" 200 None
05/24/2018 03:31:04 pm Starting new HTTP connection (1): books.toscrape.com
05/24/2018 03:31:05 pm http://books.toscrape.com:80 "GET /catalogue/category/books/fantasy_19/page-3.html HTTP/1.1" 200 None
05/24/2018 03:31:05 pm Starting new HTTP connection (1): books.toscrape.com
05/24/2018 03:31:05 pm http://books.toscrape.com:80 "GET /catalogue/category/books/new-adult_20/index.html HTTP/1.1" 200 None
05/24/2018 03:31:05 pm Starting new HTTP connection (1): books.toscrape.com
05/24/2018 03:34:21 pm Starting new HTTP connection (1): books.toscrape.com
05/24/2018 03:34:22 pm http://books.toscrape.com:80 "GET /index.html HTTP/1.1" 200 None
05/24/2018 03:35:34 pm Starting new HTTP connection (1): books.toscrape.com
05/24/2018 03:35:34 pm http://books.toscrape.com:80 "GET /index.html HTTP/1.1" 200 None
05/24/2018 03:46:45 pm Starting new HTTP connection (1): books.toscrape.com
05/24/2018 03:46:46 pm http://books.toscrape.com:80 "GET /index.html HTTP/1.1" 200 None
05/24/2018 03:46:46 pm Starting new HTTP connection (1): books.toscrape.com
05/24/2018 03:46:47 pm http://books.toscrape.com:80 "GET /catalogue/category/books/travel_2/index.html HTTP/1.1" 200 None
05/24/2018 03:46:47 pm Starting new HTTP connection (1): books.toscrape.com
05/24/2018 03:46:47 pm http://books.toscrape.com:80 "GET /catalogue/category/books/mystery_3/index.html HTTP/1.1" 200 None
05/24/2018 03:46:47 pm Starting new HTTP connection (1): books.toscrape.com
05/24/2018 03:46:47 pm http://books.toscrape.com:80 "GET /catalogue/category/books/mystery_3/page-2.html HTTP/1.1" 200 None
05/24/2018 03:46:47 pm Starting new HTTP connection (1): books.toscrape.com
05/24/2018 03:46:48 pm http://books.toscrape.com:80 "GET /catalogue/category/books/historical-fiction_4/index.html HTTP/1.1" 200 None
05/24/2018 03:46:48 pm Starting new HTTP connection (1): books.toscrape.com
05/24/2018 03:46:48 pm http://books.toscrape.com:80 "GET /catalogue/category/books/historical-fiction_4/page-2.html HTTP/1.1" 200 None
05/24/2018 03:46:48 pm Starting new HTTP connection (1): books.toscrape.com
05/24/2018 03:46:49 pm http://books.toscrape.com:80 "GET /catalogue/category/books/sequential-art_5/index.html HTTP/1.1" 200 None
05/24/2018 03:46:49 pm Starting new HTTP connection (1): books.toscrape.com
05/24/2018 03:46:49 pm http://books.toscrape.com:80 "GET /catalogue/category/books/sequential-art_5/page-2.html HTTP/1.1" 200 None
05/24/2018 03:46:49 pm Starting new HTTP connection (1): books.toscrape.com
05/24/2018 03:46:49 pm http://books.toscrape.com:80 "GET /catalogue/category/books/sequential-art_5/page-3.html HTTP/1.1" 200 None
05/24/2018 03:46:49 pm Starting new HTTP connection (1): books.toscrape.com
05/24/2018 03:46:50 pm http://books.toscrape.com:80 "GET /catalogue/category/books/sequential-art_5/page-4.html HTTP/1.1" 200 None
05/24/2018 03:46:50 pm Starting new HTTP connection (1): books.toscrape.com
05/24/2018 03:46:50 pm http://books.toscrape.com:80 "GET /catalogue/category/books/classics_6/index.html HTTP/1.1" 200 None
05/24/2018 03:46:50 pm Starting new HTTP connection (1): books.toscrape.com
05/24/2018 03:46:51 pm http://books.toscrape.com:80 "GET /catalogue/category/books/philosophy_7/index.html HTTP/1.1" 200 None
05/24/2018 03:46:51 pm Starting new HTTP connection (1): books.toscrape.com
05/24/2018 03:46:51 pm http://books.toscrape.com:80 "GET /catalogue/category/books/romance_8/index.html HTTP/1.1" 200 None
05/24/2018 03:46:51 pm Starting new HTTP connection (1): books.toscrape.com
05/24/2018 03:46:52 pm http://books.toscrape.com:80 "GET /catalogue/category/books/romance_8/page-2.html HTTP/1.1" 200 None
05/24/2018 03:46:52 pm Starting new HTTP connection (1): books.toscrape.com
05/24/2018 03:46:52 pm http://books.toscrape.com:80 "GET /catalogue/category/books/womens-fiction_9/index.html HTTP/1.1" 200 None
05/24/2018 03:46:52 pm Starting new HTTP connection (1): books.toscrape.com
05/24/2018 03:46:52 pm http://books.toscrape.com:80 "GET /catalogue/category/books/fiction_10/index.html HTTP/1.1" 200 None
05/24/2018 03:46:52 pm Starting new HTTP connection (1): books.toscrape.com
05/24/2018 03:46:53 pm http://books.toscrape.com:80 "GET /catalogue/category/books/fiction_10/page-2.html HTTP/1.1" 200 None
05/24/2018 03:46:53 pm Starting new HTTP connection (1): books.toscrape.com
05/24/2018 03:46:53 pm http://books.toscrape.com:80 "GET /catalogue/category/books/fiction_10/page-3.html HTTP/1.1" 200 None
05/24/2018 03:46:53 pm Starting new HTTP connection (1): books.toscrape.com
05/24/2018 03:46:54 pm http://books.toscrape.com:80 "GET /catalogue/category/books/fiction_10/page-4.html HTTP/1.1" 200 None
05/24/2018 03:46:54 pm Starting new HTTP connection (1): books.toscrape.com
05/24/2018 03:46:54 pm http://books.toscrape.com:80 "GET /catalogue/category/books/childrens_11/index.html HTTP/1.1" 200 None
05/24/2018 03:46:54 pm Starting new HTTP connection (1): books.toscrape.com
05/24/2018 03:46:55 pm http://books.toscrape.com:80 "GET /catalogue/category/books/childrens_11/page-2.html HTTP/1.1" 200 None
05/24/2018 03:46:55 pm Starting new HTTP connection (1): books.toscrape.com
05/24/2018 03:46:55 pm http://books.toscrape.com:80 "GET /catalogue/category/books/religion_12/index.html HTTP/1.1" 200 None
05/24/2018 03:46:55 pm Starting new HTTP connection (1): books.toscrape.com
05/24/2018 03:46:55 pm http://books.toscrape.com:80 "GET /catalogue/category/books/nonfiction_13/index.html HTTP/1.1" 200 None
05/24/2018 03:46:55 pm Starting new HTTP connection (1): books.toscrape.com
05/24/2018 03:46:56 pm http://books.toscrape.com:80 "GET /catalogue/category/books/nonfiction_13/page-2.html HTTP/1.1" 200 None
05/24/2018 03:46:56 pm Starting new HTTP connection (1): books.toscrape.com
05/24/2018 03:46:56 pm http://books.toscrape.com:80 "GET /catalogue/category/books/nonfiction_13/page-3.html HTTP/1.1" 200 None
05/24/2018 03:46:56 pm Starting new HTTP connection (1): books.toscrape.com
05/24/2018 03:46:57 pm http://books.toscrape.com:80 "GET /catalogue/category/books/nonfiction_13/page-4.html HTTP/1.1" 200 None
05/24/2018 03:46:57 pm Starting new HTTP connection (1): books.toscrape.com
05/24/2018 03:46:57 pm http://books.toscrape.com:80 "GET /catalogue/category/books/nonfiction_13/page-5.html HTTP/1.1" 200 None
05/24/2018 03:46:57 pm Starting new HTTP connection (1): books.toscrape.com
05/24/2018 03:46:58 pm http://books.toscrape.com:80 "GET /catalogue/category/books/nonfiction_13/page-6.html HTTP/1.1" 200 None
05/24/2018 03:46:58 pm Starting new HTTP connection (1): books.toscrape.com
05/24/2018 03:46:58 pm http://books.toscrape.com:80 "GET /catalogue/category/books/music_14/index.html HTTP/1.1" 200 None
05/24/2018 03:46:58 pm Starting new HTTP connection (1): books.toscrape.com
05/24/2018 03:46:58 pm http://books.toscrape.com:80 "GET /catalogue/category/books/default_15/index.html HTTP/1.1" 200 None
05/24/2018 03:46:58 pm Starting new HTTP connection (1): books.toscrape.com
05/24/2018 03:46:59 pm http://books.toscrape.com:80 "GET /catalogue/category/books/default_15/page-2.html HTTP/1.1" 200 None
05/24/2018 03:46:59 pm Starting new HTTP connection (1): books.toscrape.com
05/24/2018 03:46:59 pm http://books.toscrape.com:80 "GET /catalogue/category/books/default_15/page-3.html HTTP/1.1" 200 None
05/24/2018 03:47:00 pm Starting new HTTP connection (1): books.toscrape.com
05/24/2018 03:47:00 pm http://books.toscrape.com:80 "GET /catalogue/category/books/default_15/page-4.html HTTP/1.1" 200 None
05/24/2018 03:47:00 pm Starting new HTTP connection (1): books.toscrape.com
05/24/2018 03:47:00 pm http://books.toscrape.com:80 "GET /catalogue/category/books/default_15/page-5.html HTTP/1.1" 200 None
05/24/2018 03:47:00 pm Starting new HTTP connection (1): books.toscrape.com
05/24/2018 03:47:01 pm http://books.toscrape.com:80 "GET /catalogue/category/books/default_15/page-6.html HTTP/1.1" 200 None
05/24/2018 03:47:01 pm Starting new HTTP connection (1): books.toscrape.com
05/24/2018 03:47:01 pm http://books.toscrape.com:80 "GET /catalogue/category/books/default_15/page-7.html HTTP/1.1" 200 None
05/24/2018 03:47:01 pm Starting new HTTP connection (1): books.toscrape.com
05/24/2018 03:47:02 pm http://books.toscrape.com:80 "GET /catalogue/category/books/default_15/page-8.html HTTP/1.1" 200 None
05/24/2018 03:47:02 pm Starting new HTTP connection (1): books.toscrape.com
05/24/2018 03:47:02 pm http://books.toscrape.com:80 "GET /catalogue/category/books/science-fiction_16/index.html HTTP/1.1" 200 None
05/24/2018 03:47:02 pm Starting new HTTP connection (1): books.toscrape.com
05/24/2018 03:47:02 pm http://books.toscrape.com:80 "GET /catalogue/category/books/sports-and-games_17/index.html HTTP/1.1" 200 None
05/24/2018 03:47:02 pm Starting new HTTP connection (1): books.toscrape.com
05/24/2018 03:47:03 pm http://books.toscrape.com:80 "GET /catalogue/category/books/add-a-comment_18/index.html HTTP/1.1" 200 None
05/24/2018 03:47:03 pm Starting new HTTP connection (1): books.toscrape.com
05/24/2018 03:47:03 pm http://books.toscrape.com:80 "GET /catalogue/category/books/add-a-comment_18/page-2.html HTTP/1.1" 200 None
05/24/2018 03:47:03 pm Starting new HTTP connection (1): books.toscrape.com
05/24/2018 03:47:04 pm http://books.toscrape.com:80 "GET /catalogue/category/books/add-a-comment_18/page-3.html HTTP/1.1" 200 None
05/24/2018 03:47:04 pm Starting new HTTP connection (1): books.toscrape.com
05/24/2018 03:47:04 pm http://books.toscrape.com:80 "GET /catalogue/category/books/add-a-comment_18/page-4.html HTTP/1.1" 200 None
05/24/2018 03:47:04 pm Starting new HTTP connection (1): books.toscrape.com
05/24/2018 03:47:05 pm http://books.toscrape.com:80 "GET /catalogue/category/books/fantasy_19/index.html HTTP/1.1" 200 None
05/24/2018 03:47:05 pm Starting new HTTP connection (1): books.toscrape.com
05/24/2018 03:47:05 pm http://books.toscrape.com:80 "GET /catalogue/category/books/fantasy_19/page-2.html HTTP/1.1" 200 None
05/24/2018 03:47:05 pm Starting new HTTP connection (1): books.toscrape.com
05/24/2018 03:47:05 pm http://books.toscrape.com:80 "GET /catalogue/category/books/fantasy_19/page-3.html HTTP/1.1" 200 None
05/24/2018 03:47:05 pm Starting new HTTP connection (1): books.toscrape.com
05/24/2018 03:47:37 pm Starting new HTTP connection (1): books.toscrape.com
05/24/2018 03:47:37 pm http://books.toscrape.com:80 "GET /index.html HTTP/1.1" 200 None
05/24/2018 03:47:38 pm Starting new HTTP connection (1): books.toscrape.com
05/24/2018 03:47:39 pm http://books.toscrape.com:80 "GET /catalogue/category/books/travel_2/index.html HTTP/1.1" 200 None
05/24/2018 03:48:20 pm Starting new HTTP connection (1): books.toscrape.com
05/24/2018 03:48:21 pm http://books.toscrape.com:80 "GET /index.html HTTP/1.1" 200 None
05/24/2018 03:48:21 pm Starting new HTTP connection (1): books.toscrape.com
05/24/2018 03:48:21 pm http://books.toscrape.com:80 "GET /catalogue/category/books/travel_2/index.html HTTP/1.1" 200 None
05/24/2018 03:48:44 pm Starting new HTTP connection (1): books.toscrape.com
05/24/2018 03:48:44 pm http://books.toscrape.com:80 "GET /index.html HTTP/1.1" 200 None
05/24/2018 03:48:44 pm Starting new HTTP connection (1): books.toscrape.com
05/24/2018 03:48:45 pm http://books.toscrape.com:80 "GET /catalogue/category/books/travel_2/index.html HTTP/1.1" 200 None
